<?xml version="1.0" encoding="UTF-8"?>
<!-- Generated by org.testng.reporters.JUnitReportReporter -->
<testsuite hostname="SAURABH" failures="0" tests="1" name="APISK06ScratchNew.ScratchAPISK06.AppTest" time="0.005" errors="0" timestamp="2025-05-08T19:57:02 IST" skipped="0">
  <testcase classname="APISK06ScratchNew.ScratchAPISK06.AppTest" name="shouldAnswerWithTrue" time="0.005"/>
  <system-out/>
</testsuite> <!-- APISK06ScratchNew.ScratchAPISK06.AppTest -->
